<?xml version="1.0" encoding="UTF-8"?>
<!-- Generated by org.testng.reporters.JUnitXMLReporter -->
<testsuite hostname="5CD9229M66" ignored="0" name="BestBuy API Test" tests="6" failures="0" timestamp="02 Aug 2020 12:47:56 GMT" time="2.315" errors="0">
  <testcase name="StatusCode_POST_BestBuy" time="1.379" classname="com.qa.BestBuy.POST_BestBuy_Test"/>
  <testcase name="JSON_POST_BestBuy" time="0.004" classname="com.qa.BestBuy.POST_BestBuy_Test"/>
  <testcase name="StatusCode_PUT_BestBuy" time="0.533" classname="com.qa.BestBuy.PUT_BestBuy_Test"/>
  <testcase name="JSON_PUT_BestBuy" time="0.004" classname="com.qa.BestBuy.PUT_BestBuy_Test"/>
  <testcase name="StatusCode_DELETE_BestBuy" time="0.188" classname="com.qa.BestBuy.DELETE_BestBuy_Test"/>
  <testcase name="JSON_DELETE_BestBuy" time="0.004" classname="com.qa.BestBuy.DELETE_BestBuy_Test"/>
</testsuite> <!-- BestBuy API Test -->
