<?xml version="1.0" encoding="UTF-8"?>
<!-- Generated by org.testng.reporters.JUnitXMLReporter -->
<testsuite hostname="5CD9229M66" ignored="0" name="BestBuy API Test" tests="6" failures="0" timestamp="02 Aug 2020 07:02:43 GMT" time="1.236" errors="0">
  <testcase name="StatusCode_POST_BestBuy" time="0.837" classname="com.qa.BestBuy.POST_BestBuy_Test"/>
  <testcase name="JSON_POST_BestBuy" time="0.005" classname="com.qa.BestBuy.POST_BestBuy_Test"/>
  <testcase name="StatusCode_PUT_BestBuy" time="0.104" classname="com.qa.BestBuy.PUT_BestBuy_Test"/>
  <testcase name="JSON_PUT_BestBuy" time="0.002" classname="com.qa.BestBuy.PUT_BestBuy_Test"/>
  <testcase name="StatusCode_DELETE_BestBuy" time="0.139" classname="com.qa.BestBuy.DELETE_BestBuy_Test"/>
  <testcase name="JSON_DELETE_BestBuy" time="0.002" classname="com.qa.BestBuy.DELETE_BestBuy_Test"/>
</testsuite> <!-- BestBuy API Test -->
