<?xml version="1.0" encoding="UTF-8"?>
<!-- Generated by org.testng.reporters.JUnitXMLReporter -->
<testsuite hostname="5CD9229M66" ignored="0" name="testngTest-1" tests="6" failures="0" timestamp="30 Jul 2020 10:47:56 GMT" time="2.39" errors="0">
  <testcase name="StatusCode_POST_BestBuy" time="2.126" classname="com.qa.BestBuy.POST_BestBuy_Test"/>
  <testcase name="JSON_POST_BestBuy" time="0.006" classname="com.qa.BestBuy.POST_BestBuy_Test"/>
  <testcase name="StatusCode_PUT_BestBuy" time="0.11" classname="com.qa.BestBuy.PUT_BestBuy_Test"/>
  <testcase name="JSON_PUT_BestBuy" time="0.001" classname="com.qa.BestBuy.PUT_BestBuy_Test"/>
  <testcase name="StatusCode_DELETE_BestBuy" time="0.11" classname="com.qa.BestBuy.DELETE_BestBuy_Test"/>
  <testcase name="JSON_DELETE_BestBuy" time="0.001" classname="com.qa.BestBuy.DELETE_BestBuy_Test"/>
</testsuite> <!-- testngTest-1 -->
