<?xml version="1.0" encoding="UTF-8"?>
<!-- Generated by org.testng.reporters.JUnitXMLReporter -->
<testsuite hostname="5CD9229M66" ignored="0" name="Twilio API Test" tests="2" failures="0" timestamp="02 Aug 2020 12:47:52 GMT" time="5.188" errors="0">
  <testcase name="StatusCode_GET_Twilio" time="3.707" classname="com.qa.Twilio.GET_Twilio_HeaderAuth_Test"/>
  <testcase name="JSON_GET_Twilio" time="0.028" classname="com.qa.Twilio.GET_Twilio_HeaderAuth_Test"/>
</testsuite> <!-- Twilio API Test -->
