<?xml version="1.0" encoding="UTF-8"?>
<testng-results skipped="0" failed="0" ignored="0" total="10" passed="10">
  <reporter-output>
  </reporter-output>
  <suite name="API Testing" duration-ms="9138" started-at="2020-08-02T12:47:47Z" finished-at="2020-08-02T12:47:56Z">
    <groups>
      <group name="Reqres">
        <method signature="GET_Reqres_Test.StatusCode_GET_Reqres()[pri:0, instance:com.qa.Reqres.GET_Reqres_Test@48a242ce]" name="StatusCode_GET_Reqres" class="com.qa.Reqres.GET_Reqres_Test"/>
        <method signature="GET_Reqres_Test.JSON_GET_Reqres(java.lang.String)[pri:0, instance:com.qa.Reqres.GET_Reqres_Test@48a242ce]" name="JSON_GET_Reqres" class="com.qa.Reqres.GET_Reqres_Test"/>
      </group> <!-- Reqres -->
      <group name="Twilio">
        <method signature="GET_Twilio_HeaderAuth_Test.StatusCode_GET_Twilio()[pri:0, instance:com.qa.Twilio.GET_Twilio_HeaderAuth_Test@35a50a4c]" name="StatusCode_GET_Twilio" class="com.qa.Twilio.GET_Twilio_HeaderAuth_Test"/>
        <method signature="GET_Twilio_HeaderAuth_Test.JSON_GET_Twilio(java.lang.String)[pri:0, instance:com.qa.Twilio.GET_Twilio_HeaderAuth_Test@35a50a4c]" name="JSON_GET_Twilio" class="com.qa.Twilio.GET_Twilio_HeaderAuth_Test"/>
      </group> <!-- Twilio -->
      <group name="BestBuy">
        <method signature="DELETE_BestBuy_Test.StatusCode_DELETE_BestBuy()[pri:0, instance:com.qa.BestBuy.DELETE_BestBuy_Test@2a40cd94]" name="StatusCode_DELETE_BestBuy" class="com.qa.BestBuy.DELETE_BestBuy_Test"/>
        <method signature="DELETE_BestBuy_Test.JSON_DELETE_BestBuy()[pri:0, instance:com.qa.BestBuy.DELETE_BestBuy_Test@2a40cd94]" name="JSON_DELETE_BestBuy" class="com.qa.BestBuy.DELETE_BestBuy_Test"/>
        <method signature="POST_BestBuy_Test.StatusCode_POST_BestBuy(java.lang.String, java.lang.String, java.lang.String, java.lang.String, java.lang.String, java.lang.String, java.lang.String, java.lang.String, long, long, java.lang.String, java.lang.String)[pri:0, instance:com.qa.BestBuy.POST_BestBuy_Test@2df32bf7]" name="StatusCode_POST_BestBuy" class="com.qa.BestBuy.POST_BestBuy_Test"/>
        <method signature="POST_BestBuy_Test.JSON_POST_BestBuy()[pri:0, instance:com.qa.BestBuy.POST_BestBuy_Test@2df32bf7]" name="JSON_POST_BestBuy" class="com.qa.BestBuy.POST_BestBuy_Test"/>
        <method signature="PUT_BestBuy_Test.StatusCode_PUT_BestBuy(java.lang.String, java.lang.String, java.lang.String, java.lang.String, java.lang.String, java.lang.String, java.lang.String, java.lang.String, long, long, java.lang.String, java.lang.String)[pri:0, instance:com.qa.BestBuy.PUT_BestBuy_Test@530612ba]" name="StatusCode_PUT_BestBuy" class="com.qa.BestBuy.PUT_BestBuy_Test"/>
        <method signature="PUT_BestBuy_Test.JSON_PUT_BestBuy()[pri:0, instance:com.qa.BestBuy.PUT_BestBuy_Test@530612ba]" name="JSON_PUT_BestBuy" class="com.qa.BestBuy.PUT_BestBuy_Test"/>
      </group> <!-- BestBuy -->
    </groups>
    <test name="Twilio API Test" duration-ms="5188" started-at="2020-08-02T12:47:47Z" finished-at="2020-08-02T12:47:52Z">
      <class name="com.qa.Twilio.GET_Twilio_HeaderAuth_Test">
        <test-method status="PASS" signature="setup()[pri:0, instance:com.qa.Twilio.GET_Twilio_HeaderAuth_Test@35a50a4c]" name="setup" is-config="true" duration-ms="19" started-at="2020-08-02T12:47:47Z" finished-at="2020-08-02T12:47:47Z">
          <reporter-output>
          </reporter-output>
        </test-method> <!-- setup -->
        <test-method status="PASS" signature="StatusCode_GET_Twilio()[pri:0, instance:com.qa.Twilio.GET_Twilio_HeaderAuth_Test@35a50a4c]" name="StatusCode_GET_Twilio" duration-ms="3707" started-at="2020-08-02T12:47:47Z" finished-at="2020-08-02T12:47:51Z">
          <reporter-output>
          </reporter-output>
        </test-method> <!-- StatusCode_GET_Twilio -->
        <test-method status="PASS" signature="JSON_GET_Twilio(java.lang.String)[pri:0, instance:com.qa.Twilio.GET_Twilio_HeaderAuth_Test@35a50a4c]" name="JSON_GET_Twilio" duration-ms="28" started-at="2020-08-02T12:47:52Z" data-provider="Twilio_GET_Data" depends-on-methods="com.qa.Twilio.GET_Twilio_HeaderAuth_Test.StatusCode_GET_Twilio" finished-at="2020-08-02T12:47:52Z">
          <params>
            <param index="0">
              <value>
                <![CDATA[/2010-04-01/Accounts/AC57e0222edaff77765932796235279bdd/Messages.json?PageSize=50&Page=0]]>
              </value>
            </param>
          </params>
          <reporter-output>
          </reporter-output>
        </test-method> <!-- JSON_GET_Twilio -->
      </class> <!-- com.qa.Twilio.GET_Twilio_HeaderAuth_Test -->
    </test> <!-- Twilio API Test -->
    <test name="Reqres API Test" duration-ms="812" started-at="2020-08-02T12:47:53Z" finished-at="2020-08-02T12:47:53Z">
      <class name="com.qa.Reqres.GET_Reqres_Test">
        <test-method status="PASS" signature="setup()[pri:0, instance:com.qa.Reqres.GET_Reqres_Test@48a242ce]" name="setup" is-config="true" duration-ms="1" started-at="2020-08-02T12:47:53Z" finished-at="2020-08-02T12:47:53Z">
          <reporter-output>
          </reporter-output>
        </test-method> <!-- setup -->
        <test-method status="PASS" signature="StatusCode_GET_Reqres()[pri:0, instance:com.qa.Reqres.GET_Reqres_Test@48a242ce]" name="StatusCode_GET_Reqres" duration-ms="513" started-at="2020-08-02T12:47:53Z" finished-at="2020-08-02T12:47:53Z">
          <reporter-output>
          </reporter-output>
        </test-method> <!-- StatusCode_GET_Reqres -->
        <test-method status="PASS" signature="JSON_GET_Reqres(java.lang.String)[pri:0, instance:com.qa.Reqres.GET_Reqres_Test@48a242ce]" name="JSON_GET_Reqres" duration-ms="15" started-at="2020-08-02T12:47:53Z" data-provider="Reqres_GET_DATA" depends-on-methods="com.qa.Reqres.GET_Reqres_Test.StatusCode_GET_Reqres" finished-at="2020-08-02T12:47:53Z">
          <params>
            <param index="0">
              <value>
                <![CDATA[cloudflare]]>
              </value>
            </param>
          </params>
          <reporter-output>
          </reporter-output>
        </test-method> <!-- JSON_GET_Reqres -->
      </class> <!-- com.qa.Reqres.GET_Reqres_Test -->
    </test> <!-- Reqres API Test -->
    <test name="BestBuy API Test" duration-ms="2315" started-at="2020-08-02T12:47:53Z" finished-at="2020-08-02T12:47:56Z">
      <class name="com.qa.BestBuy.DELETE_BestBuy_Test">
        <test-method status="PASS" signature="setup()[pri:0, instance:com.qa.BestBuy.DELETE_BestBuy_Test@2a40cd94]" name="setup" is-config="true" duration-ms="0" started-at="2020-08-02T12:47:56Z" finished-at="2020-08-02T12:47:56Z">
          <reporter-output>
          </reporter-output>
        </test-method> <!-- setup -->
        <test-method status="PASS" signature="StatusCode_DELETE_BestBuy()[pri:0, instance:com.qa.BestBuy.DELETE_BestBuy_Test@2a40cd94]" name="StatusCode_DELETE_BestBuy" duration-ms="188" started-at="2020-08-02T12:47:56Z" finished-at="2020-08-02T12:47:56Z">
          <reporter-output>
          </reporter-output>
        </test-method> <!-- StatusCode_DELETE_BestBuy -->
        <test-method status="PASS" signature="JSON_DELETE_BestBuy()[pri:0, instance:com.qa.BestBuy.DELETE_BestBuy_Test@2a40cd94]" name="JSON_DELETE_BestBuy" duration-ms="4" started-at="2020-08-02T12:47:56Z" depends-on-methods="com.qa.BestBuy.DELETE_BestBuy_Test.StatusCode_DELETE_BestBuy" finished-at="2020-08-02T12:47:56Z">
          <reporter-output>
          </reporter-output>
        </test-method> <!-- JSON_DELETE_BestBuy -->
      </class> <!-- com.qa.BestBuy.DELETE_BestBuy_Test -->
      <class name="com.qa.BestBuy.POST_BestBuy_Test">
        <test-method status="PASS" signature="setup()[pri:0, instance:com.qa.BestBuy.POST_BestBuy_Test@2df32bf7]" name="setup" is-config="true" duration-ms="0" started-at="2020-08-02T12:47:53Z" finished-at="2020-08-02T12:47:53Z">
          <reporter-output>
          </reporter-output>
        </test-method> <!-- setup -->
        <test-method status="PASS" signature="StatusCode_POST_BestBuy(java.lang.String, java.lang.String, java.lang.String, java.lang.String, java.lang.String, java.lang.String, java.lang.String, java.lang.String, long, long, java.lang.String, java.lang.String)[pri:0, instance:com.qa.BestBuy.POST_BestBuy_Test@2df32bf7]" name="StatusCode_POST_BestBuy" duration-ms="1379" started-at="2020-08-02T12:47:54Z" data-provider="POST_Data" finished-at="2020-08-02T12:47:55Z">
          <params>
            <param index="0">
              <value>
                <![CDATA[Within 2KM Radius]]>
              </value>
            </param>
            <param index="1">
              <value>
                <![CDATA[Mayur Home Appliances]]>
              </value>
            </param>
            <param index="2">
              <value>
                <![CDATA[Tools and Equipments]]>
              </value>
            </param>
            <param index="3">
              <value>
                <![CDATA[Gate No.1]]>
              </value>
            </param>
            <param index="4">
              <value>
                <![CDATA[Sindhi colony]]>
              </value>
            </param>
            <param index="5">
              <value>
                <![CDATA[New Delhi]]>
              </value>
            </param>
            <param index="6">
              <value>
                <![CDATA[New Delhi]]>
              </value>
            </param>
            <param index="7">
              <value>
                <![CDATA[ND10110]]>
              </value>
            </param>
            <param index="8">
              <value>
                <![CDATA[123451234]]>
              </value>
            </param>
            <param index="9">
              <value>
                <![CDATA[678906745]]>
              </value>
            </param>
            <param index="10">
              <value>
                <![CDATA[TestHours]]>
              </value>
            </param>
            <param index="11">
              <value>
                <![CDATA[com.qa.BestBuy.Data.Services_BestBuy]]>
              </value>
            </param>
          </params>
          <reporter-output>
          </reporter-output>
        </test-method> <!-- StatusCode_POST_BestBuy -->
        <test-method status="PASS" signature="JSON_POST_BestBuy()[pri:0, instance:com.qa.BestBuy.POST_BestBuy_Test@2df32bf7]" name="JSON_POST_BestBuy" duration-ms="4" started-at="2020-08-02T12:47:55Z" depends-on-methods="com.qa.BestBuy.POST_BestBuy_Test.StatusCode_POST_BestBuy" finished-at="2020-08-02T12:47:55Z">
          <reporter-output>
          </reporter-output>
        </test-method> <!-- JSON_POST_BestBuy -->
      </class> <!-- com.qa.BestBuy.POST_BestBuy_Test -->
      <class name="com.qa.BestBuy.PUT_BestBuy_Test">
        <test-method status="PASS" signature="setup()[pri:0, instance:com.qa.BestBuy.PUT_BestBuy_Test@530612ba]" name="setup" is-config="true" duration-ms="0" started-at="2020-08-02T12:47:55Z" finished-at="2020-08-02T12:47:55Z">
          <reporter-output>
          </reporter-output>
        </test-method> <!-- setup -->
        <test-method status="PASS" signature="StatusCode_PUT_BestBuy(java.lang.String, java.lang.String, java.lang.String, java.lang.String, java.lang.String, java.lang.String, java.lang.String, java.lang.String, long, long, java.lang.String, java.lang.String)[pri:0, instance:com.qa.BestBuy.PUT_BestBuy_Test@530612ba]" name="StatusCode_PUT_BestBuy" duration-ms="533" started-at="2020-08-02T12:47:55Z" data-provider="PUT_Data" finished-at="2020-08-02T12:47:56Z">
          <params>
            <param index="0">
              <value>
                <![CDATA[Within 2KM Radius]]>
              </value>
            </param>
            <param index="1">
              <value>
                <![CDATA[Mayur Home Appliances]]>
              </value>
            </param>
            <param index="2">
              <value>
                <![CDATA[Tools and Equipments]]>
              </value>
            </param>
            <param index="3">
              <value>
                <![CDATA[Gate No.10]]>
              </value>
            </param>
            <param index="4">
              <value>
                <![CDATA[RK colony]]>
              </value>
            </param>
            <param index="5">
              <value>
                <![CDATA[New Delhi]]>
              </value>
            </param>
            <param index="6">
              <value>
                <![CDATA[New Delhi]]>
              </value>
            </param>
            <param index="7">
              <value>
                <![CDATA[ND10000]]>
              </value>
            </param>
            <param index="8">
              <value>
                <![CDATA[123451234]]>
              </value>
            </param>
            <param index="9">
              <value>
                <![CDATA[678906745]]>
              </value>
            </param>
            <param index="10">
              <value>
                <![CDATA[TestHours]]>
              </value>
            </param>
            <param index="11">
              <value>
                <![CDATA[com.qa.BestBuy.Data.Services_BestBuy]]>
              </value>
            </param>
          </params>
          <reporter-output>
          </reporter-output>
        </test-method> <!-- StatusCode_PUT_BestBuy -->
        <test-method status="PASS" signature="JSON_PUT_BestBuy()[pri:0, instance:com.qa.BestBuy.PUT_BestBuy_Test@530612ba]" name="JSON_PUT_BestBuy" duration-ms="4" started-at="2020-08-02T12:47:56Z" depends-on-methods="com.qa.BestBuy.PUT_BestBuy_Test.StatusCode_PUT_BestBuy" finished-at="2020-08-02T12:47:56Z">
          <reporter-output>
          </reporter-output>
        </test-method> <!-- JSON_PUT_BestBuy -->
      </class> <!-- com.qa.BestBuy.PUT_BestBuy_Test -->
    </test> <!-- BestBuy API Test -->
  </suite> <!-- API Testing -->
</testng-results>
